{"timestamp": "2025-08-06 20:26:19", "action": "SELL", "price": 772.58, "info": "RSI:53.3"}
{"timestamp": "2025-08-06 21:05:37", "action": "SELL", "price": 772.48, "info": "RSI:63.6"}
{"timestamp": "2025-08-06 21:11:11", "action": "SELL", "price": 772.38, "info": "RSI:58.3"}
{"timestamp": "2025-08-06 22:42:44", "action": "CLOSE", "price": 768.8, "info": "take_profit_PnL:$0.46"}
{"timestamp": "2025-08-06 22:45:02", "action": "SELL", "price": 769.38, "info": "RSI:57.1"}
{"timestamp": "2025-08-06 22:55:41", "action": "CLOSE", "price": 770.5, "info": "stop_loss_PnL:$-0.09"}
{"timestamp": "2025-08-06 23:06:18", "action": "BUY", "price": 771.42, "info": "RSI:40.0"}
{"timestamp": "2025-08-06 23:14:04", "action": "CLOSE", "price": 770.4, "info": "stop_loss_PnL:$0.01"}
{"timestamp": "2025-08-06 23:21:01", "action": "SELL", "price": 770.38, "info": "RSI:54.5"}
{"timestamp": "2025-08-06 23:21:17", "action": "SELL", "price": 770.38, "info": "RSI:54.5"}
{"timestamp": "2025-08-07 02:40:00", "action": "CLOSE", "price": 771.4, "info": "stop_loss_PnL:$-0.07"}
{"timestamp": "2025-08-07 02:47:39", "action": "BUY", "price": 771.92, "info": "RSI:40.0"}
{"timestamp": "2025-08-07 02:55:02", "action": "BUY", "price": 772.02, "info": "RSI:28.6"}
{"timestamp": "2025-08-07 02:55:04", "action": "BUY", "price": 771.82, "info": "RSI:22.2"}
{"timestamp": "2025-08-07 02:58:07", "action": "BUY", "price": 771.82, "info": "RSI:14.3"}
{"timestamp": "2025-08-07 03:01:23", "action": "CLOSE", "price": 770.8, "info": "stop_loss_PnL:$-0.04"}
{"timestamp": "2025-08-07 03:05:51", "action": "SELL", "price": 771.78, "info": "RSI:60.0"}
{"timestamp": "2025-08-07 03:09:22", "action": "SELL", "price": 771.68, "info": "RSI:53.8"}
{"timestamp": "2025-08-07 03:24:36", "action": "CLOSE", "price": 772.8, "info": "stop_loss_PnL:$-0.10"}
{"timestamp": "2025-08-07 03:32:09", "action": "BUY", "price": 773.82, "info": "RSI:46.7"}
{"timestamp": "2025-08-07 03:34:21", "action": "CLOSE", "price": 772.8, "info": "stop_loss_PnL:$-0.12"}
{"timestamp": "2025-08-07 03:34:23", "action": "BUY", "price": 772.82, "info": "RSI:29.4"}
{"timestamp": "2025-08-07 03:35:52", "action": "CLOSE", "price": 771.8, "info": "stop_loss_PnL:$-0.12"}
{"timestamp": "2025-08-07 03:39:02", "action": "SELL", "price": 772.68, "info": "RSI:100.0"}
{"timestamp": "2025-08-07 03:39:38", "action": "SELL", "price": 772.68, "info": "RSI:100.0"}
{"timestamp": "2025-08-07 03:56:45", "action": "CLOSE", "price": 769.3, "info": "take_profit_PnL:$0.43"}
{"timestamp": "2025-08-07 04:00:02", "action": "SELL", "price": 769.98, "info": "RSI:80.0"}
{"timestamp": "2025-08-07 04:05:20", "action": "SELL", "price": 769.58, "info": "RSI:60.0"}
{"timestamp": "2025-08-07 04:11:36", "action": "CLOSE", "price": 770.6, "info": "stop_loss_PnL:$-0.12"}
{"timestamp": "2025-08-07 04:15:03", "action": "BUY", "price": 769.92, "info": "RSI:37.5"}
{"timestamp": "2025-08-07 04:15:06", "action": "BUY", "price": 769.82, "info": "RSI:33.3"}
{"timestamp": "2025-08-07 04:15:15", "action": "BUY", "price": 769.82, "info": "RSI:33.3"}
{"timestamp": "2025-08-07 04:33:29", "action": "CLOSE", "price": 768.7, "info": "stop_loss_PnL:$-0.12"}
{"timestamp": "2025-08-07 04:35:15", "action": "SELL", "price": 769.78, "info": "RSI:53.8"}
{"timestamp": "2025-08-07 05:14:07", "action": "CLOSE", "price": 766.4, "info": "take_profit_PnL:$0.42"}
{"timestamp": "2025-08-07 05:19:01", "action": "SELL", "price": 766.48, "info": "RSI:75.0"}
{"timestamp": "2025-08-07 05:24:03", "action": "SELL", "price": 766.38, "info": "RSI:66.7"}
{"timestamp": "2025-08-07 07:23:49", "action": "CLOSE", "price": 767.6, "info": "stop_loss_PnL:$-0.16"}
{"timestamp": "2025-08-07 07:25:13", "action": "BUY", "price": 766.62, "info": "RSI:43.8"}
{"timestamp": "2025-08-07 07:28:16", "action": "BUY", "price": 767.02, "info": "RSI:36.4"}
{"timestamp": "2025-08-07 07:34:39", "action": "CLOSE", "price": 766.0, "info": "stop_loss_PnL:$-0.10"}
{"timestamp": "2025-08-07 07:34:50", "action": "BUY", "price": 766.32, "info": "RSI:36.8"}
{"timestamp": "2025-08-07 07:34:53", "action": "BUY", "price": 766.22, "info": "RSI:35.0"}
{"timestamp": "2025-08-07 07:34:58", "action": "BUY", "price": 766.22, "info": "RSI:35.0"}
{"timestamp": "2025-08-07 07:38:46", "action": "CLOSE", "price": 765.2, "info": "stop_loss_PnL:$-0.09"}
{"timestamp": "2025-08-07 07:42:31", "action": "SELL", "price": 765.88, "info": "RSI:54.5"}
{"timestamp": "2025-08-07 07:47:28", "action": "CLOSE", "price": 766.9, "info": "stop_loss_PnL:$-0.10"}
{"timestamp": "2025-08-07 07:50:11", "action": "BUY", "price": 766.02, "info": "RSI:37.5"}
