{"timestamp": "2025-08-06 14:19:05", "id": 1, "action": "BUY", "price": 0.1995, "info": "swept:0.1995_BE:0.1997_NetTP:0.1963_NO_OB"}
{"timestamp": "2025-08-06 14:19:15", "id": 2, "action": "BUY", "price": 0.1995, "info": "swept:0.1995_BE:0.1997_NetTP:0.1963_NO_OB"}
{"timestamp": "2025-08-06 14:19:47", "id": 2, "action": "CLOSE", "price": 0.1999, "info": "next_liquidity_pool_GrossPnL:$0.34_NetPnL:$0.50"}
{"timestamp": "2025-08-06 14:19:58", "id": 3, "action": "BUY", "price": 0.1999, "info": "swept:0.1995_BE:0.2001_NetTP:0.1967_NO_OB"}
{"timestamp": "2025-08-06 14:20:19", "id": 3, "action": "CLOSE", "price": 0.1999, "info": "next_liquidity_pool_GrossPnL:$-0.04_NetPnL:$0.04"}
{"timestamp": "2025-08-06 14:21:12", "id": 4, "action": "BUY", "price": 0.2001, "info": "swept:0.2001_BE:0.2003_NetTP:0.1969_WITH_OB"}
{"timestamp": "2025-08-06 14:21:23", "id": 4, "action": "CLOSE", "price": 0.2003, "info": "next_liquidity_pool_GrossPnL:$0.08_NetPnL:$0.16"}
{"timestamp": "2025-08-06 14:21:33", "id": 5, "action": "BUY", "price": 0.2003, "info": "swept:0.2001_BE:0.2005_NetTP:0.1971_WITH_OB"}
{"timestamp": "2025-08-06 14:21:44", "id": 5, "action": "CLOSE", "price": 0.2004, "info": "next_liquidity_pool_GrossPnL:$-0.01_NetPnL:$0.07"}
{"timestamp": "2025-08-06 14:21:55", "id": 5, "action": "CLOSE", "price": 0.2002, "info": "next_liquidity_pool_GrossPnL:$-0.03_NetPnL:$0.05"}
{"timestamp": "2025-08-06 14:22:16", "id": 5, "action": "CLOSE", "price": 0.2001, "info": "next_liquidity_pool_GrossPnL:$-0.08_NetPnL:$0.00"}
{"timestamp": "2025-08-06 14:22:27", "id": 5, "action": "CLOSE", "price": 0.2001, "info": "next_liquidity_pool_GrossPnL:$-0.09_NetPnL:$-0.01"}
{"timestamp": "2025-08-06 14:22:38", "id": 5, "action": "CLOSE", "price": 0.2, "info": "next_liquidity_pool_GrossPnL:$-0.15_NetPnL:$-0.07"}
{"timestamp": "2025-08-06 14:24:13", "id": 6, "action": "BUY", "price": 0.2002, "info": "swept:0.2001_BE:0.2004_NetTP:0.1970_WITH_OB"}
{"timestamp": "2025-08-06 14:24:24", "id": 7, "action": "BUY", "price": 0.2001, "info": "swept:0.2001_BE:0.2003_NetTP:0.1969_WITH_OB"}
{"timestamp": "2025-08-06 14:24:34", "id": 7, "action": "CLOSE", "price": 0.2001, "info": "next_liquidity_pool_GrossPnL:$0.03_NetPnL:$0.11"}
{"timestamp": "2025-08-06 14:31:08", "id": 8, "action": "BUY", "price": 0.2001, "info": "swept:0.2001_BE:0.2003_NetTP:0.1969_WITH_OB"}
{"timestamp": "2025-08-06 14:31:19", "id": 9, "action": "BUY", "price": 0.2001, "info": "swept:0.2001_BE:0.2003_NetTP:0.1969_WITH_OB"}
{"timestamp": "2025-08-06 14:31:29", "id": 9, "action": "CLOSE", "price": 0.2002, "info": "next_liquidity_pool_GrossPnL:$0.03_NetPnL:$0.19"}
{"timestamp": "2025-08-06 14:31:50", "id": 9, "action": "CLOSE", "price": 0.2, "info": "next_liquidity_pool_GrossPnL:$-0.10_NetPnL:$0.06"}
{"timestamp": "2025-08-06 14:32:43", "id": 10, "action": "BUY", "price": 0.2002, "info": "swept:0.2001_BE:0.2004_NetTP:0.1970_WITH_OB"}
{"timestamp": "2025-08-06 14:32:54", "id": 11, "action": "BUY", "price": 0.2001, "info": "swept:0.2001_BE:0.2003_NetTP:0.1969_WITH_OB"}
{"timestamp": "2025-08-06 14:33:05", "id": 11, "action": "CLOSE", "price": 0.2002, "info": "next_liquidity_pool_GrossPnL:$0.04_NetPnL:$0.13"}
{"timestamp": "2025-08-06 14:33:15", "id": 11, "action": "CLOSE", "price": 0.2002, "info": "next_liquidity_pool_GrossPnL:$0.04_NetPnL:$0.13"}
{"timestamp": "2025-08-06 14:33:37", "id": 12, "action": "BUY", "price": 0.2002, "info": "swept:0.2001_BE:0.2004_NetTP:0.1970_WITH_OB"}
{"timestamp": "2025-08-06 14:33:47", "id": 13, "action": "BUY", "price": 0.2003, "info": "swept:0.2001_BE:0.2005_NetTP:0.1971_WITH_OB"}
{"timestamp": "2025-08-06 14:33:58", "id": 13, "action": "CLOSE", "price": 0.2003, "info": "next_liquidity_pool_GrossPnL:$0.01_NetPnL:$0.09"}
{"timestamp": "2025-08-06 14:34:09", "id": 13, "action": "CLOSE", "price": 0.2001, "info": "next_liquidity_pool_GrossPnL:$-0.04_NetPnL:$0.04"}
{"timestamp": "2025-08-06 14:34:20", "id": 13, "action": "CLOSE", "price": 0.2002, "info": "next_liquidity_pool_GrossPnL:$-0.01_NetPnL:$0.07"}
{"timestamp": "2025-08-06 14:34:30", "id": 13, "action": "CLOSE", "price": 0.2001, "info": "next_liquidity_pool_GrossPnL:$-0.04_NetPnL:$0.04"}
{"timestamp": "2025-08-06 14:34:41", "id": 13, "action": "CLOSE", "price": 0.2002, "info": "next_liquidity_pool_GrossPnL:$-0.03_NetPnL:$0.05"}
{"timestamp": "2025-08-06 14:34:51", "id": 14, "action": "BUY", "price": 0.2003, "info": "swept:0.2001_BE:0.2005_NetTP:0.1971_WITH_OB"}
{"timestamp": "2025-08-06 14:36:27", "id": 14, "action": "CLOSE", "price": 0.2003, "info": "next_liquidity_pool_GrossPnL:$0.00_NetPnL:$0.08"}
{"timestamp": "2025-08-06 15:08:09", "id": 15, "action": "BUY", "price": 0.2001, "info": "swept:0.2001_BE:0.2003_NetTP:0.1969_NO_OB"}
{"timestamp": "2025-08-06 15:08:20", "id": 15, "action": "CLOSE", "price": 0.2, "info": "next_liquidity_pool_GrossPnL:$-0.04_NetPnL:$0.05"}
{"timestamp": "2025-08-06 15:08:30", "id": 15, "action": "CLOSE", "price": 0.1999, "info": "next_liquidity_pool_GrossPnL:$-0.08_NetPnL:$0.00"}
{"timestamp": "2025-08-06 15:08:41", "id": 15, "action": "CLOSE", "price": 0.2, "info": "next_liquidity_pool_GrossPnL:$-0.07_NetPnL:$0.01"}
